2015-04-06 12:46:50.467 [aurora.application.session_check] [CONFIG] Session data copied to context
2015-04-06 12:46:50.515 [uncertain.proc] [CONFIG] [action] InitService
2015-04-06 12:46:50.515 [uncertain.proc] [CONFIG] [action] ParseParameter
2015-04-06 12:46:50.515 [uncertain.proc] [CONFIG] [action] CreateModel
2015-04-06 12:46:50.516 [uncertain.proc] [CONFIG] [action] CreateView
2015-04-06 12:46:50.516 [uncertain.proc] [CONFIG] [action] BuildOutputContent
2015-04-06 12:46:50.516 [aurora.presentation.buildsession] [CONFIG] Start build session
2015-04-06 12:46:50.516 [aurora.presentation.buildsession] [CONFIG] building view: <html-page> -> aurora.presentation.component.HtmlPage@d5bd1c
2015-04-06 12:46:50.518 [aurora.presentation.buildsession] [CONFIG] building view: <script> -> aurora.presentation.DefaultViewBuilder@11bad2d
2015-04-06 12:46:50.519 [aurora.presentation.buildsession] [CONFIG] building view: <dataSets> -> aurora.application.features.DataSetInit@72b94b
2015-04-06 12:46:50.519 [aurora.presentation.buildsession] [CONFIG] building view: <dataSet> -> aurora.presentation.TemplateBasedView@1175cd6
2015-04-06 12:46:50.520 [aurora.presentation.buildsession] [CONFIG] building view: <dataSet> -> aurora.presentation.TemplateBasedView@1175cd6
2015-04-06 12:46:50.533 [aurora.presentation.buildsession] [CONFIG] building view: <screenBody> -> aurora.presentation.component.std.ScreenBody@ef29a3
2015-04-06 12:46:50.534 [aurora.presentation.buildsession] [CONFIG] building view: <screenTopToolbar> -> aurora.presentation.component.std.ScreenTopToolbar@196a882
2015-04-06 12:46:50.534 [aurora.presentation.buildsession] [CONFIG] building view: <screenTitle> -> aurora.presentation.component.std.ScreenTitle@10f6cc
2015-04-06 12:46:50.548 [uncertain.proc] [CONFIG] [action] DecideSqlGenerationMode
2015-04-06 12:46:50.548 [uncertain.proc] [FINE] aurora.database.service.BusinessModelService.onDecideSqlGenerationMode
2015-04-06 12:46:50.548 [uncertain.proc] [CONFIG] [action] CreatequeryStatement
2015-04-06 12:46:50.548 [uncertain.proc] [FINE] aurora.bm.QuerySqlCreator.onCreateQueryStatement
2015-04-06 12:46:50.548 [uncertain.proc] [CONFIG] [action] PopulatequeryStatement
2015-04-06 12:46:50.548 [uncertain.proc] [FINE] aurora.database.features.WhereClauseCreator.onPopulateQueryStatement
2015-04-06 12:46:50.549 [uncertain.proc] [FINE] aurora.database.features.OrderByClauseCreator.onPopulateQueryStatement
2015-04-06 12:46:50.549 [uncertain.proc] [CONFIG] [action] CreatequerySql
2015-04-06 12:46:50.549 [uncertain.proc] [FINE] aurora.bm.QuerySqlCreator.onCreateQuerySql
2015-04-06 12:46:50.549 [uncertain.proc] [CONFIG] [action] ExecuteQuery
2015-04-06 12:46:50.549 [uncertain.proc] [FINE] aurora.bm.QuerySqlCreator.onExecuteQuery
2015-04-06 12:46:50.552 [uncertain.proc] [CONFIG] [action] QueryFinish
2015-04-06 12:46:50.552 [uncertain.proc] [FINE] aurora.database.features.AutoQueryCounter.onQueryFinish
2015-04-06 12:46:50.552 [uncertain.proc] [CONFIG] [action] FetchResultSet
2015-04-06 12:46:50.552 [uncertain.proc] [FINE] aurora.database.features.CacheBasedLookUpField.postFetchResultSet
2015-04-06 12:46:50.552 [aurora.database] [CONFIG] 
============= BEGIN [query] SQL Statement execution dump ============
SELECT f.service_id,f.service_name,f.is_entry_page,f.is_access_checked,f.is_login_required,f.is_system_access,? AS language,(select d.description_text from fnd_descriptions d where d.description_id = f.title_id and d.language = ?) AS title,f.title_id
FROM sys_service f
WHERE f.service_name = ?
ORDER BY service_name
---------------------Binding info---------------------
No.1	Access path:/session/@lang	Data type of passed value :java.lang.String	Value:ZHS	Output:false	Database Type:null	
No.2	Access path:/session/@lang	Data type of passed value :java.lang.String	Value:ZHS	Output:false	Database Type:null	
No.3	Access path:@service_name	Data type of passed value :java.lang.String	Value:modules/bpm/BPM1020/bpm_page_group_tables.screen	Output:false	Database Type:null	

=============== END [query] SQL Statement execution dump ============

2015-04-06 12:46:50.553 [aurora.presentation.buildsession] [CONFIG] building view: <toolbarButton> -> aurora.presentation.TemplateBasedView@1175cd6
2015-04-06 12:46:50.554 [aurora.presentation.buildsession] [CONFIG] building view: <gridButton> -> aurora.presentation.TemplateBasedView@1175cd6
2015-04-06 12:46:50.555 [aurora.presentation.buildsession] [CONFIG] building view: <gridButton> -> aurora.presentation.TemplateBasedView@1175cd6
2015-04-06 12:46:50.556 [aurora.presentation.buildsession] [CONFIG] building view: <gridButton> -> aurora.presentation.TemplateBasedView@1175cd6
2015-04-06 12:46:50.557 [aurora.presentation.buildsession] [CONFIG] building view: <form> -> aurora.presentation.component.std.Form@12bc8ba
2015-04-06 12:46:50.557 [aurora.presentation.buildsession] [CONFIG] building view: <textField> -> aurora.presentation.TemplateBasedView@1175cd6
2015-04-06 12:46:50.559 [aurora.presentation.buildsession] [CONFIG] building view: <textField> -> aurora.presentation.TemplateBasedView@1175cd6
2015-04-06 12:46:50.560 [aurora.presentation.buildsession] [CONFIG] building view: <textField> -> aurora.presentation.TemplateBasedView@1175cd6
2015-04-06 12:46:50.561 [aurora.presentation.buildsession] [CONFIG] building view: <grid> -> aurora.presentation.TemplateBasedView@1175cd6
2015-04-06 12:46:50.562 [aurora.presentation.buildsession] [CONFIG] building view: <navBar> -> aurora.presentation.TemplateBasedView@1175cd6
2015-04-06 12:46:50.569 [aurora.presentation.buildsession] [CONFIG] building view: <button> -> aurora.presentation.TemplateBasedView@1175cd6
2015-04-06 12:46:50.570 [aurora.presentation.buildsession] [CONFIG] building view: <button> -> aurora.presentation.TemplateBasedView@1175cd6
2015-04-06 12:46:50.571 [aurora.presentation.buildsession] [CONFIG] building view: <separator> -> aurora.presentation.TemplateBasedView@1175cd6
2015-04-06 12:46:50.572 [aurora.presentation.buildsession] [CONFIG] building view: <div> -> aurora.presentation.DefaultViewBuilder@11bad2d
2015-04-06 12:46:50.572 [aurora.presentation.buildsession] [CONFIG] building view: <numberField> -> aurora.presentation.TemplateBasedView@1175cd6
2015-04-06 12:46:50.573 [aurora.presentation.buildsession] [CONFIG] building view: <div> -> aurora.presentation.DefaultViewBuilder@11bad2d
2015-04-06 12:46:50.573 [aurora.presentation.buildsession] [CONFIG] building view: <separator> -> aurora.presentation.TemplateBasedView@1175cd6
2015-04-06 12:46:50.574 [aurora.presentation.buildsession] [CONFIG] building view: <button> -> aurora.presentation.TemplateBasedView@1175cd6
2015-04-06 12:46:50.575 [aurora.presentation.buildsession] [CONFIG] building view: <button> -> aurora.presentation.TemplateBasedView@1175cd6
2015-04-06 12:46:50.576 [aurora.presentation.buildsession] [CONFIG] building view: <button> -> aurora.presentation.TemplateBasedView@1175cd6
2015-04-06 12:46:50.577 [aurora.presentation.buildsession] [CONFIG] building view: <separator> -> aurora.presentation.TemplateBasedView@1175cd6
2015-04-06 12:46:50.578 [aurora.presentation.buildsession] [CONFIG] building view: <div> -> aurora.presentation.DefaultViewBuilder@11bad2d
2015-04-06 12:46:50.578 [aurora.presentation.buildsession] [CONFIG] building view: <comboBox> -> aurora.presentation.TemplateBasedView@1175cd6
2015-04-06 12:46:50.580 [aurora.presentation.buildsession] [CONFIG] building view: <div> -> aurora.presentation.DefaultViewBuilder@11bad2d
2015-04-06 12:46:50.580 [aurora.presentation.buildsession] [CONFIG] building view: <separator> -> aurora.presentation.TemplateBasedView@1175cd6
2015-04-06 12:46:50.581 [aurora.presentation.buildsession] [CONFIG] building view: <div> -> aurora.presentation.DefaultViewBuilder@11bad2d
2015-04-06 12:46:50.586 [aurora.presentation.buildsession] [CONFIG] building view: <comboBox> -> aurora.presentation.TemplateBasedView@1175cd6
2015-04-06 12:46:50.587 [aurora.presentation.buildsession] [CONFIG] building view: <textField> -> aurora.presentation.TemplateBasedView@1175cd6
2015-04-06 12:46:50.588 [aurora.presentation.buildsession] [CONFIG] building view: <lov> -> aurora.presentation.TemplateBasedView@1175cd6
2015-04-06 12:46:50.592 [aurora.presentation.buildsession] [CONFIG] building view: <script> -> aurora.presentation.DefaultViewBuilder@11bad2d
2015-04-06 12:46:50.593 [aurora.presentation.buildsession] [CONFIG] End build session
