2015-04-06 12:46:46.385 [aurora.application.session_check] [CONFIG] Session data copied to context
2015-04-06 12:46:46.448 [uncertain.proc] [CONFIG] [action] InitService
2015-04-06 12:46:46.448 [uncertain.proc] [CONFIG] [action] ParseParameter
2015-04-06 12:46:46.448 [uncertain.proc] [CONFIG] [action] CreateModel
2015-04-06 12:46:46.449 [uncertain.proc] [CONFIG] [action] CreateView
2015-04-06 12:46:46.449 [uncertain.proc] [CONFIG] [action] BuildOutputContent
2015-04-06 12:46:46.449 [aurora.presentation.buildsession] [CONFIG] Start build session
2015-04-06 12:46:46.449 [aurora.presentation.buildsession] [CONFIG] building view: <html-page> -> aurora.presentation.component.HtmlPage@10cc94b
2015-04-06 12:46:46.451 [aurora.presentation.buildsession] [CONFIG] building view: <script> -> aurora.presentation.DefaultViewBuilder@11bad2d
2015-04-06 12:46:46.452 [aurora.presentation.buildsession] [CONFIG] building view: <dataSets> -> aurora.application.features.DataSetInit@7367c6
2015-04-06 12:46:46.452 [aurora.presentation.buildsession] [CONFIG] building view: <dataSet> -> aurora.presentation.TemplateBasedView@1175cd6
2015-04-06 12:46:46.453 [aurora.presentation.buildsession] [CONFIG] building view: <dataSet> -> aurora.presentation.TemplateBasedView@1175cd6
2015-04-06 12:46:46.453 [aurora.presentation.buildsession] [CONFIG] building view: <dataSet> -> aurora.presentation.TemplateBasedView@1175cd6
2015-04-06 12:46:46.523 [aurora.presentation.buildsession] [CONFIG] building view: <screenBody> -> aurora.presentation.component.std.ScreenBody@fe362a
2015-04-06 12:46:46.523 [aurora.presentation.buildsession] [CONFIG] building view: <screenTopToolbar> -> aurora.presentation.component.std.ScreenTopToolbar@1961eae
2015-04-06 12:46:46.523 [aurora.presentation.buildsession] [CONFIG] building view: <screenTitle> -> aurora.presentation.component.std.ScreenTitle@b85d67
2015-04-06 12:46:46.542 [uncertain.proc] [CONFIG] [action] DecideSqlGenerationMode
2015-04-06 12:46:46.542 [uncertain.proc] [FINE] aurora.database.service.BusinessModelService.onDecideSqlGenerationMode
2015-04-06 12:46:46.542 [uncertain.proc] [CONFIG] [action] CreatequeryStatement
2015-04-06 12:46:46.542 [uncertain.proc] [FINE] aurora.bm.QuerySqlCreator.onCreateQueryStatement
2015-04-06 12:46:46.543 [uncertain.proc] [CONFIG] [action] PopulatequeryStatement
2015-04-06 12:46:46.543 [uncertain.proc] [FINE] aurora.database.features.WhereClauseCreator.onPopulateQueryStatement
2015-04-06 12:46:46.543 [uncertain.proc] [FINE] aurora.database.features.OrderByClauseCreator.onPopulateQueryStatement
2015-04-06 12:46:46.543 [uncertain.proc] [CONFIG] [action] CreatequerySql
2015-04-06 12:46:46.543 [uncertain.proc] [FINE] aurora.bm.QuerySqlCreator.onCreateQuerySql
2015-04-06 12:46:46.543 [uncertain.proc] [CONFIG] [action] ExecuteQuery
2015-04-06 12:46:46.543 [uncertain.proc] [FINE] aurora.bm.QuerySqlCreator.onExecuteQuery
2015-04-06 12:46:46.558 [uncertain.proc] [CONFIG] [action] QueryFinish
2015-04-06 12:46:46.558 [uncertain.proc] [FINE] aurora.database.features.AutoQueryCounter.onQueryFinish
2015-04-06 12:46:46.558 [uncertain.proc] [CONFIG] [action] FetchResultSet
2015-04-06 12:46:46.558 [uncertain.proc] [FINE] aurora.database.features.CacheBasedLookUpField.postFetchResultSet
2015-04-06 12:46:46.558 [aurora.database] [CONFIG] 
============= BEGIN [query] SQL Statement execution dump ============
SELECT f.service_id,f.service_name,f.is_entry_page,f.is_access_checked,f.is_login_required,f.is_system_access,? AS language,(select d.description_text from fnd_descriptions d where d.description_id = f.title_id and d.language = ?) AS title,f.title_id
FROM sys_service f
WHERE f.service_name = ?
ORDER BY service_name
---------------------Binding info---------------------
No.1	Access path:/session/@lang	Data type of passed value :java.lang.String	Value:ZHS	Output:false	Database Type:null	
No.2	Access path:/session/@lang	Data type of passed value :java.lang.String	Value:ZHS	Output:false	Database Type:null	
No.3	Access path:@service_name	Data type of passed value :java.lang.String	Value:modules/bpm/BPM1020/bpm_page_group_fields.screen	Output:false	Database Type:null	

=============== END [query] SQL Statement execution dump ============

2015-04-06 12:46:46.559 [aurora.presentation.buildsession] [CONFIG] building view: <toolbarButton> -> aurora.presentation.TemplateBasedView@1175cd6
2015-04-06 12:46:46.560 [aurora.presentation.buildsession] [CONFIG] building view: <gridButton> -> aurora.presentation.TemplateBasedView@1175cd6
2015-04-06 12:46:46.561 [aurora.presentation.buildsession] [CONFIG] building view: <gridButton> -> aurora.presentation.TemplateBasedView@1175cd6
2015-04-06 12:46:46.562 [aurora.presentation.buildsession] [CONFIG] building view: <gridButton> -> aurora.presentation.TemplateBasedView@1175cd6
2015-04-06 12:46:46.564 [aurora.presentation.buildsession] [CONFIG] building view: <form> -> aurora.presentation.component.std.Form@da1181
2015-04-06 12:46:46.565 [aurora.presentation.buildsession] [CONFIG] building view: <textField> -> aurora.presentation.TemplateBasedView@1175cd6
2015-04-06 12:46:46.566 [aurora.presentation.buildsession] [CONFIG] building view: <textField> -> aurora.presentation.TemplateBasedView@1175cd6
2015-04-06 12:46:46.567 [aurora.presentation.buildsession] [CONFIG] building view: <textField> -> aurora.presentation.TemplateBasedView@1175cd6
2015-04-06 12:46:46.568 [aurora.presentation.buildsession] [CONFIG] building view: <grid> -> aurora.presentation.TemplateBasedView@1175cd6
2015-04-06 12:46:46.569 [aurora.presentation.buildsession] [CONFIG] building view: <navBar> -> aurora.presentation.TemplateBasedView@1175cd6
2015-04-06 12:46:46.577 [aurora.presentation.buildsession] [CONFIG] building view: <button> -> aurora.presentation.TemplateBasedView@1175cd6
2015-04-06 12:46:46.578 [aurora.presentation.buildsession] [CONFIG] building view: <button> -> aurora.presentation.TemplateBasedView@1175cd6
2015-04-06 12:46:46.579 [aurora.presentation.buildsession] [CONFIG] building view: <separator> -> aurora.presentation.TemplateBasedView@1175cd6
2015-04-06 12:46:46.580 [aurora.presentation.buildsession] [CONFIG] building view: <div> -> aurora.presentation.DefaultViewBuilder@11bad2d
2015-04-06 12:46:46.580 [aurora.presentation.buildsession] [CONFIG] building view: <numberField> -> aurora.presentation.TemplateBasedView@1175cd6
2015-04-06 12:46:46.581 [aurora.presentation.buildsession] [CONFIG] building view: <div> -> aurora.presentation.DefaultViewBuilder@11bad2d
2015-04-06 12:46:46.581 [aurora.presentation.buildsession] [CONFIG] building view: <separator> -> aurora.presentation.TemplateBasedView@1175cd6
2015-04-06 12:46:46.581 [aurora.presentation.buildsession] [CONFIG] building view: <button> -> aurora.presentation.TemplateBasedView@1175cd6
2015-04-06 12:46:46.582 [aurora.presentation.buildsession] [CONFIG] building view: <button> -> aurora.presentation.TemplateBasedView@1175cd6
2015-04-06 12:46:46.583 [aurora.presentation.buildsession] [CONFIG] building view: <button> -> aurora.presentation.TemplateBasedView@1175cd6
2015-04-06 12:46:46.584 [aurora.presentation.buildsession] [CONFIG] building view: <separator> -> aurora.presentation.TemplateBasedView@1175cd6
2015-04-06 12:46:46.585 [aurora.presentation.buildsession] [CONFIG] building view: <div> -> aurora.presentation.DefaultViewBuilder@11bad2d
2015-04-06 12:46:46.585 [aurora.presentation.buildsession] [CONFIG] building view: <comboBox> -> aurora.presentation.TemplateBasedView@1175cd6
2015-04-06 12:46:46.586 [aurora.presentation.buildsession] [CONFIG] building view: <div> -> aurora.presentation.DefaultViewBuilder@11bad2d
2015-04-06 12:46:46.586 [aurora.presentation.buildsession] [CONFIG] building view: <separator> -> aurora.presentation.TemplateBasedView@1175cd6
2015-04-06 12:46:46.587 [aurora.presentation.buildsession] [CONFIG] building view: <div> -> aurora.presentation.DefaultViewBuilder@11bad2d
2015-04-06 12:46:46.589 [aurora.presentation.buildsession] [CONFIG] building view: <checkBox> -> aurora.presentation.TemplateBasedView@1175cd6
2015-04-06 12:46:46.590 [aurora.presentation.buildsession] [CONFIG] building view: <comboBox> -> aurora.presentation.TemplateBasedView@1175cd6
2015-04-06 12:46:46.591 [aurora.presentation.buildsession] [CONFIG] building view: <numberField> -> aurora.presentation.TemplateBasedView@1175cd6
2015-04-06 12:46:46.592 [aurora.presentation.buildsession] [CONFIG] building view: <textField> -> aurora.presentation.TemplateBasedView@1175cd6
2015-04-06 12:46:46.593 [aurora.presentation.buildsession] [CONFIG] building view: <lov> -> aurora.presentation.TemplateBasedView@1175cd6
2015-04-06 12:46:46.595 [aurora.presentation.buildsession] [CONFIG] building view: <script> -> aurora.presentation.DefaultViewBuilder@11bad2d
2015-04-06 12:46:46.596 [aurora.presentation.buildsession] [CONFIG] End build session
