2015-04-06 12:47:30.409 [aurora.application.session_check] [CONFIG] Session data copied to context
2015-04-06 12:47:30.492 [uncertain.proc] [CONFIG] [action] InitService
2015-04-06 12:47:30.492 [uncertain.proc] [CONFIG] [action] ParseParameter
2015-04-06 12:47:30.492 [uncertain.proc] [CONFIG] [action] CreateModel
2015-04-06 12:47:30.492 [uncertain.proc] [CONFIG] [action] CreateView
2015-04-06 12:47:30.492 [uncertain.proc] [CONFIG] [action] BuildOutputContent
2015-04-06 12:47:30.493 [aurora.presentation.buildsession] [CONFIG] Start build session
2015-04-06 12:47:30.493 [aurora.presentation.buildsession] [CONFIG] building view: <html-page> -> aurora.presentation.component.HtmlPage@7b4fa8
2015-04-06 12:47:30.494 [aurora.presentation.buildsession] [CONFIG] building view: <script> -> aurora.presentation.DefaultViewBuilder@11bad2d
2015-04-06 12:47:30.495 [aurora.presentation.buildsession] [CONFIG] building view: <dataSets> -> aurora.application.features.DataSetInit@1aac7df
2015-04-06 12:47:30.495 [aurora.presentation.buildsession] [CONFIG] building view: <dataSet> -> aurora.presentation.TemplateBasedView@1175cd6
2015-04-06 12:47:30.498 [aurora.presentation.buildsession] [CONFIG] building view: <screenBody> -> aurora.presentation.component.std.ScreenBody@12f5a49
2015-04-06 12:47:30.498 [aurora.presentation.buildsession] [CONFIG] building view: <screenTopToolbar> -> aurora.presentation.component.std.ScreenTopToolbar@1d07562
2015-04-06 12:47:30.499 [aurora.presentation.buildsession] [CONFIG] building view: <screenTitle> -> aurora.presentation.component.std.ScreenTitle@ca853f
2015-04-06 12:47:30.514 [uncertain.proc] [CONFIG] [action] DecideSqlGenerationMode
2015-04-06 12:47:30.514 [uncertain.proc] [FINE] aurora.database.service.BusinessModelService.onDecideSqlGenerationMode
2015-04-06 12:47:30.514 [uncertain.proc] [CONFIG] [action] CreatequeryStatement
2015-04-06 12:47:30.514 [uncertain.proc] [FINE] aurora.bm.QuerySqlCreator.onCreateQueryStatement
2015-04-06 12:47:30.514 [uncertain.proc] [CONFIG] [action] PopulatequeryStatement
2015-04-06 12:47:30.514 [uncertain.proc] [FINE] aurora.database.features.WhereClauseCreator.onPopulateQueryStatement
2015-04-06 12:47:30.514 [uncertain.proc] [FINE] aurora.database.features.OrderByClauseCreator.onPopulateQueryStatement
2015-04-06 12:47:30.514 [uncertain.proc] [CONFIG] [action] CreatequerySql
2015-04-06 12:47:30.514 [uncertain.proc] [FINE] aurora.bm.QuerySqlCreator.onCreateQuerySql
2015-04-06 12:47:30.515 [uncertain.proc] [CONFIG] [action] ExecuteQuery
2015-04-06 12:47:30.515 [uncertain.proc] [FINE] aurora.bm.QuerySqlCreator.onExecuteQuery
2015-04-06 12:47:30.517 [uncertain.proc] [CONFIG] [action] QueryFinish
2015-04-06 12:47:30.517 [uncertain.proc] [FINE] aurora.database.features.AutoQueryCounter.onQueryFinish
2015-04-06 12:47:30.517 [uncertain.proc] [CONFIG] [action] FetchResultSet
2015-04-06 12:47:30.517 [uncertain.proc] [FINE] aurora.database.features.CacheBasedLookUpField.postFetchResultSet
2015-04-06 12:47:30.517 [aurora.database] [CONFIG] 
============= BEGIN [query] SQL Statement execution dump ============
SELECT f.service_id,f.service_name,f.is_entry_page,f.is_access_checked,f.is_login_required,f.is_system_access,? AS language,(select d.description_text from fnd_descriptions d where d.description_id = f.title_id and d.language = ?) AS title,f.title_id
FROM sys_service f
WHERE f.service_name = ?
ORDER BY service_name
---------------------Binding info---------------------
No.1	Access path:/session/@lang	Data type of passed value :java.lang.String	Value:ZHS	Output:false	Database Type:null	
No.2	Access path:/session/@lang	Data type of passed value :java.lang.String	Value:ZHS	Output:false	Database Type:null	
No.3	Access path:@service_name	Data type of passed value :java.lang.String	Value:modules/bpm/BPM1020/bpm_page_copy.screen	Output:false	Database Type:null	

=============== END [query] SQL Statement execution dump ============

2015-04-06 12:47:30.517 [aurora.presentation.buildsession] [CONFIG] building view: <toolbarButton> -> aurora.presentation.TemplateBasedView@1175cd6
2015-04-06 12:47:30.518 [aurora.presentation.buildsession] [CONFIG] building view: <toolbarButton> -> aurora.presentation.TemplateBasedView@1175cd6
2015-04-06 12:47:30.519 [aurora.presentation.buildsession] [CONFIG] building view: <toolbarButton> -> aurora.presentation.TemplateBasedView@1175cd6
2015-04-06 12:47:30.520 [aurora.presentation.buildsession] [CONFIG] building view: <form> -> aurora.presentation.component.std.Form@1be6fb5
2015-04-06 12:47:30.520 [aurora.presentation.buildsession] [CONFIG] building view: <textField> -> aurora.presentation.TemplateBasedView@1175cd6
2015-04-06 12:47:30.521 [aurora.presentation.buildsession] [CONFIG] building view: <textField> -> aurora.presentation.TemplateBasedView@1175cd6
2015-04-06 12:47:30.522 [aurora.presentation.buildsession] [CONFIG] building view: <textField> -> aurora.presentation.TemplateBasedView@1175cd6
2015-04-06 12:47:30.522 [aurora.presentation.buildsession] [CONFIG] building view: <textField> -> aurora.presentation.TemplateBasedView@1175cd6
2015-04-06 12:47:30.523 [aurora.presentation.buildsession] [CONFIG] building view: <textField> -> aurora.presentation.TemplateBasedView@1175cd6
2015-04-06 12:47:30.524 [aurora.presentation.buildsession] [CONFIG] building view: <textField> -> aurora.presentation.TemplateBasedView@1175cd6
2015-04-06 12:47:30.524 [aurora.presentation.buildsession] [CONFIG] building view: <comboBox> -> aurora.presentation.TemplateBasedView@1175cd6
2015-04-06 12:47:30.525 [aurora.presentation.buildsession] [CONFIG] building view: <textField> -> aurora.presentation.TemplateBasedView@1175cd6
2015-04-06 12:47:30.525 [aurora.presentation.buildsession] [CONFIG] building view: <textField> -> aurora.presentation.TemplateBasedView@1175cd6
2015-04-06 12:47:30.526 [aurora.presentation.buildsession] [CONFIG] building view: <script> -> aurora.presentation.DefaultViewBuilder@11bad2d
2015-04-06 12:47:30.527 [aurora.presentation.buildsession] [CONFIG] End build session
