2015-04-06 12:47:33.269 [aurora.application.session_check] [CONFIG] Session data copied to context
2015-04-06 12:47:33.272 [uncertain.proc] [CONFIG] [action] CheckServiceLock
2015-04-06 12:47:33.272 [uncertain.proc] [CONFIG] [action] ParseParameter
2015-04-06 12:47:33.272 [uncertain.proc] [CONFIG] [action] ValidateInput
2015-04-06 12:47:33.272 [uncertain.proc] [CONFIG] [action] InvokeService
2015-04-06 12:47:33.272 [aurora.database] [CONFIG] ===================================== prepare to run model-query bpm.BPM1020.bpm_pages==============================
2015-04-06 12:47:33.307 [uncertain.proc] [CONFIG] [action] DecideSqlGenerationMode
2015-04-06 12:47:33.307 [uncertain.proc] [FINE] aurora.database.service.BusinessModelService.onDecideSqlGenerationMode
2015-04-06 12:47:33.307 [uncertain.proc] [CONFIG] [action] CreatequeryStatement
2015-04-06 12:47:33.307 [uncertain.proc] [FINE] aurora.bm.QuerySqlCreator.onCreateQueryStatement
2015-04-06 12:47:33.307 [uncertain.proc] [CONFIG] [action] PopulatequeryStatement
2015-04-06 12:47:33.308 [uncertain.proc] [FINE] aurora.database.features.WhereClauseCreator.onPopulateQueryStatement
2015-04-06 12:47:33.308 [uncertain.proc] [FINE] aurora.database.features.OrderByClauseCreator.onPopulateQueryStatement
2015-04-06 12:47:33.308 [uncertain.proc] [CONFIG] [action] CreatequerySql
2015-04-06 12:47:33.308 [uncertain.proc] [FINE] aurora.bm.QuerySqlCreator.onCreateQuerySql
2015-04-06 12:47:33.308 [uncertain.proc] [CONFIG] [action] ExecuteQuery
2015-04-06 12:47:33.308 [uncertain.proc] [FINE] aurora.bm.QuerySqlCreator.onExecuteQuery
2015-04-06 12:47:33.318 [uncertain.proc] [CONFIG] [action] QueryFinish
2015-04-06 12:47:33.318 [uncertain.proc] [FINE] aurora.database.features.AutoQueryCounter.onQueryFinish
2015-04-06 12:47:33.324 [uncertain.proc] [CONFIG] [action] FetchResultSet
2015-04-06 12:47:33.324 [uncertain.proc] [FINE] aurora.database.features.CacheBasedLookUpField.postFetchResultSet
2015-04-06 12:47:33.324 [aurora.database] [CONFIG] 
============= BEGIN [query] SQL Statement execution dump ============
SELECT t1.PAGE_ID,t1.PAGE_TYPE,t1.PAGE_CODE,t1.PAGE_DESC,t1.GROUP_ID,t1.ENABLED_FLAG
FROM BPM_PAGES t1
WHERE GROUP_ID = ?
ORDER BY page_code
---------------------Binding info---------------------
No.1	Access path:@group_id	Data type of passed value :java.lang.Long	Value:1000120	Output:false	Database Type:null	

=============== END [query] SQL Statement execution dump ============

2015-04-06 12:47:33.324 [uncertain.proc] [CONFIG] [action] CreateSuccessResponse
