2015-04-06 12:46:40.768 [aurora.application.session_check] [CONFIG] Session data copied to context
2015-04-06 12:46:40.771 [uncertain.proc] [CONFIG] [action] CheckServiceLock
2015-04-06 12:46:40.772 [uncertain.proc] [CONFIG] [action] ParseParameter
2015-04-06 12:46:40.772 [uncertain.proc] [CONFIG] [action] ValidateInput
2015-04-06 12:46:40.772 [uncertain.proc] [CONFIG] [action] InvokeService
2015-04-06 12:46:40.772 [aurora.database] [CONFIG] ===================================== prepare to run model-query bpm.BPM1020.bpm_page_groups==============================
2015-04-06 12:46:40.804 [uncertain.proc] [CONFIG] [action] DecideSqlGenerationMode
2015-04-06 12:46:40.804 [uncertain.proc] [FINE] aurora.database.service.BusinessModelService.onDecideSqlGenerationMode
2015-04-06 12:46:40.804 [uncertain.proc] [CONFIG] [action] CreatequeryStatement
2015-04-06 12:46:40.804 [uncertain.proc] [FINE] aurora.bm.QuerySqlCreator.onCreateQueryStatement
2015-04-06 12:46:40.804 [uncertain.proc] [CONFIG] [action] PopulatequeryStatement
2015-04-06 12:46:40.804 [uncertain.proc] [FINE] aurora.database.features.WhereClauseCreator.onPopulateQueryStatement
2015-04-06 12:46:40.804 [uncertain.proc] [FINE] aurora.database.features.OrderByClauseCreator.onPopulateQueryStatement
2015-04-06 12:46:40.804 [uncertain.proc] [CONFIG] [action] CreatequerySql
2015-04-06 12:46:40.804 [uncertain.proc] [FINE] aurora.bm.QuerySqlCreator.onCreateQuerySql
2015-04-06 12:46:40.804 [uncertain.proc] [CONFIG] [action] ExecuteQuery
2015-04-06 12:46:40.805 [uncertain.proc] [FINE] aurora.bm.QuerySqlCreator.onExecuteQuery
2015-04-06 12:46:40.890 [uncertain.proc] [CONFIG] [action] QueryFinish
2015-04-06 12:46:40.890 [uncertain.proc] [FINE] aurora.database.features.AutoQueryCounter.onQueryFinish
2015-04-06 12:46:40.896 [uncertain.proc] [CONFIG] [action] FetchResultSet
2015-04-06 12:46:40.896 [uncertain.proc] [FINE] aurora.database.features.CacheBasedLookUpField.postFetchResultSet
2015-04-06 12:46:40.896 [aurora.database] [CONFIG] 
============= BEGIN [query] SQL Statement execution dump ============
SELECT t1.GROUP_ID,t1.GROUP_TYPE,t1.GROUP_CODE,t1.GROUP_DESC,t1.TEMPLATE_ID,t1.ENABLED_FLAG,(select template_desc from bpm_templates where template_id=t1.template_id) AS template_desc,(select screen from bpm_templates where template_id=t1.template_id) AS template_screen
FROM BPM_PAGE_GROUPS t1

ORDER BY group_code nulls first
---------------------Binding info---------------------
null
=============== END [query] SQL Statement execution dump ============

2015-04-06 12:46:40.896 [uncertain.proc] [CONFIG] [action] CreateSuccessResponse
