2015-04-06 12:46:50.924 [aurora.application.session_check] [CONFIG] Session data copied to context
2015-04-06 12:46:50.929 [uncertain.proc] [CONFIG] [action] CheckServiceLock
2015-04-06 12:46:50.929 [uncertain.proc] [CONFIG] [action] ParseParameter
2015-04-06 12:46:50.929 [uncertain.proc] [CONFIG] [action] ValidateInput
2015-04-06 12:46:50.930 [uncertain.proc] [CONFIG] [action] InvokeService
2015-04-06 12:46:50.930 [aurora.database] [CONFIG] ===================================== prepare to run model-query bpm.BPM1020.bpm_page_group_tables==============================
2015-04-06 12:46:50.948 [uncertain.proc] [CONFIG] [action] DecideSqlGenerationMode
2015-04-06 12:46:50.948 [uncertain.proc] [FINE] aurora.database.service.BusinessModelService.onDecideSqlGenerationMode
2015-04-06 12:46:50.948 [uncertain.proc] [CONFIG] [action] CreatequeryStatement
2015-04-06 12:46:50.948 [uncertain.proc] [FINE] aurora.bm.QuerySqlCreator.onCreateQueryStatement
2015-04-06 12:46:50.948 [uncertain.proc] [CONFIG] [action] PopulatequeryStatement
2015-04-06 12:46:50.948 [uncertain.proc] [FINE] aurora.database.features.WhereClauseCreator.onPopulateQueryStatement
2015-04-06 12:46:50.949 [uncertain.proc] [FINE] aurora.database.features.OrderByClauseCreator.onPopulateQueryStatement
2015-04-06 12:46:50.949 [uncertain.proc] [CONFIG] [action] CreatequerySql
2015-04-06 12:46:50.949 [uncertain.proc] [FINE] aurora.bm.QuerySqlCreator.onCreateQuerySql
2015-04-06 12:46:50.949 [uncertain.proc] [CONFIG] [action] ExecuteQuery
2015-04-06 12:46:50.949 [uncertain.proc] [FINE] aurora.bm.QuerySqlCreator.onExecuteQuery
2015-04-06 12:46:51.7 [aurora.database] [CONFIG] 
============= BEGIN [query] SQL Statement execution dump ============
SELECT t1.TABLE_ID,t1.GROUP_ID,t1.TABLE_NAME,t1.TABLE_DESC,t1.BUSINESS_CATEGORY,t1.REF_TABLE_ID,t1.REF_TYPE,t1.SELF_REF_CONDITION1,t1.TARGET_REF_CONDITION1,t1.SELF_REF_CONDITION2,t1.TARGET_REF_CONDITION2,t1.SELF_REF_CONDITION3,t1.TARGET_REF_CONDITION3,t1.SELF_REF_CONDITION4,t1.TARGET_REF_CONDITION4,t1.SELF_REF_CONDITION5,t1.TARGET_REF_CONDITION5,t1.SELF_REF_CONDITION6,t1.TARGET_REF_CONDITION6,t1.SELF_REF_CONDITION7,t1.TARGET_REF_CONDITION7,t1.SELF_REF_CONDITION8,t1.TARGET_REF_CONDITION8,(select table_name from BPM_PAGE_GROUP_TABLES where table_id=t1.ref_table_id) AS ref_table
FROM BPM_PAGE_GROUP_TABLES t1
WHERE GROUP_ID = ?
ORDER BY table_id desc
---------------------Binding info---------------------
No.1	Access path:@group_id	Data type of passed value :java.lang.Long	Value:1000120	Output:false	Database Type:null	

=============== END [query] SQL Statement execution dump ============

2015-04-06 12:46:51.8 [uncertain.proc] [CONFIG] [action] HandleException
2015-04-06 12:46:51.8 [uncertain.proc] [CONFIG] [action] CreateFailResponse
2015-04-06 12:46:51.11 [aurora.application] [SEVERE] java.sql.SQLException: ORA-00942: 表或视图不存在

	at oracle.jdbc.driver.DatabaseError.throwSqlException(DatabaseError.java:111)
	at oracle.jdbc.driver.T4CTTIoer.processError(T4CTTIoer.java:330)
	at oracle.jdbc.driver.T4CTTIoer.processError(T4CTTIoer.java:287)
	at oracle.jdbc.driver.T4C8Oall.receive(T4C8Oall.java:742)
	at oracle.jdbc.driver.T4CCallableStatement.doOall8(T4CCallableStatement.java:211)
	at oracle.jdbc.driver.T4CCallableStatement.executeForDescribe(T4CCallableStatement.java:794)
	at oracle.jdbc.driver.OracleStatement.executeMaybeDescribe(OracleStatement.java:1030)
	at oracle.jdbc.driver.T4CCallableStatement.executeMaybeDescribe(T4CCallableStatement.java:834)
	at oracle.jdbc.driver.OracleStatement.doExecuteWithTimeout(OracleStatement.java:1123)
	at oracle.jdbc.driver.OraclePreparedStatement.executeInternal(OraclePreparedStatement.java:3284)
	at oracle.jdbc.driver.OraclePreparedStatement.executeQuery(OraclePreparedStatement.java:3328)
	at com.mchange.v2.c3p0.impl.NewProxyCallableStatement.executeQuery(NewProxyCallableStatement.java:2131)
	at aurora.database.SqlRunner.query(SqlRunner.java:248)
	at aurora.bm.QuerySqlCreator.onExecuteQuery(QuerySqlCreator.java:176)
	at sun.reflect.GeneratedMethodAccessor106.invoke(Unknown Source)
	at sun.reflect.DelegatingMethodAccessorImpl.invoke(DelegatingMethodAccessorImpl.java:25)
	at java.lang.reflect.Method.invoke(Method.java:597)
	at uncertain.event.ReflectionMethodHandle.handleEvent(ReflectionMethodHandle.java:92)
	at uncertain.event.ReflectionMethodHandle.handleEvent(ReflectionMethodHandle.java:49)
	at uncertain.event.Configuration.fireEventInternal(Configuration.java:450)
	at uncertain.event.Configuration.fireEvent(Configuration.java:388)
	at uncertain.proc.ProcedureRunner.fireEvent(ProcedureRunner.java:352)
	at uncertain.proc.Action.run(Action.java:171)
	at uncertain.proc.ProcedureRunner.run(ProcedureRunner.java:289)
	at uncertain.proc.ProcedureRunner.run(ProcedureRunner.java:330)
	at uncertain.proc.Procedure.run(Procedure.java:101)
	at uncertain.proc.ProcedureRunner.run(ProcedureRunner.java:277)
	at aurora.database.service.BusinessModelService.query(BusinessModelService.java:196)
	at aurora.database.actions.ModelQuery.doQuery(ModelQuery.java:80)
	at aurora.database.actions.AbstractQueryAction.query(AbstractQueryAction.java:164)
	at aurora.database.actions.AbstractQueryAction.run(AbstractQueryAction.java:187)
	at uncertain.proc.ProcedureRunner.run(ProcedureRunner.java:289)
	at uncertain.proc.ProcedureRunner.run(ProcedureRunner.java:330)
	at uncertain.proc.Procedure.run(Procedure.java:101)
	at uncertain.proc.ProcedureRunner.run(ProcedureRunner.java:277)
	at aurora.application.features.AbstractProcedureInvoker.runProcedure(AbstractProcedureInvoker.java:41)
	at aurora.application.features.InitProcedureInvoker.doInvoke(InitProcedureInvoker.java:34)
	at aurora.application.features.InitProcedureInvoker.onInvokeService(InitProcedureInvoker.java:42)
	at sun.reflect.GeneratedMethodAccessor159.invoke(Unknown Source)
	at sun.reflect.DelegatingMethodAccessorImpl.invoke(DelegatingMethodAccessorImpl.java:25)
	at java.lang.reflect.Method.invoke(Method.java:597)
	at uncertain.event.ReflectionMethodHandle.handleEvent(ReflectionMethodHandle.java:92)
	at uncertain.event.ReflectionMethodHandle.handleEvent(ReflectionMethodHandle.java:49)
	at uncertain.event.Configuration.fireEventInternal(Configuration.java:450)
	at uncertain.event.Configuration.fireEvent(Configuration.java:388)
	at uncertain.proc.ProcedureRunner.fireEvent(ProcedureRunner.java:352)
	at uncertain.proc.Action.run(Action.java:171)
	at uncertain.proc.ProcedureRunner.run(ProcedureRunner.java:289)
	at uncertain.proc.ProcedureRunner.run(ProcedureRunner.java:330)
	at uncertain.proc.Procedure.run(Procedure.java:101)
	at uncertain.proc.Switch.run(Switch.java:90)
	at uncertain.proc.ProcedureRunner.run(ProcedureRunner.java:289)
	at uncertain.proc.ProcedureRunner.run(ProcedureRunner.java:330)
	at uncertain.proc.Procedure.run(Procedure.java:101)
	at uncertain.proc.ProcedureRunner.run(ProcedureRunner.java:277)
	at aurora.service.ServiceInstance.invoke(ServiceInstance.java:133)
	at aurora.service.http.AbstractFacadeServlet.doService(AbstractFacadeServlet.java:158)
	at aurora.service.http.AbstractFacadeServlet.doPost(AbstractFacadeServlet.java:97)
	at javax.servlet.http.HttpServlet.service(HttpServlet.java:710)
	at javax.servlet.http.HttpServlet.service(HttpServlet.java:803)
	at org.apache.catalina.core.ApplicationFilterChain.internalDoFilter(ApplicationFilterChain.java:290)
	at org.apache.catalina.core.ApplicationFilterChain.doFilter(ApplicationFilterChain.java:206)
	at org.apache.catalina.core.StandardWrapperValve.invoke(StandardWrapperValve.java:228)
	at org.apache.catalina.core.StandardContextValve.invoke(StandardContextValve.java:175)
	at org.apache.catalina.core.StandardHostValve.invoke(StandardHostValve.java:128)
	at org.apache.catalina.valves.ErrorReportValve.invoke(ErrorReportValve.java:104)
	at org.apache.catalina.core.StandardEngineValve.invoke(StandardEngineValve.java:109)
	at org.apache.catalina.connector.CoyoteAdapter.service(CoyoteAdapter.java:216)
	at org.apache.coyote.http11.Http11Processor.process(Http11Processor.java:844)
	at org.apache.coyote.http11.Http11Protocol$Http11ConnectionHandler.process(Http11Protocol.java:634)
	at org.apache.tomcat.util.net.JIoEndpoint$Worker.run(JIoEndpoint.java:445)
	at java.lang.Thread.run(Thread.java:619)

