2015-04-06 12:48:18.624 [aurora.application.session_check] [CONFIG] Session data copied to context
2015-04-06 12:48:18.629 [uncertain.proc] [CONFIG] [action] CheckServiceLock
2015-04-06 12:48:18.629 [uncertain.proc] [CONFIG] [action] ParseParameter
2015-04-06 12:48:18.629 [uncertain.proc] [CONFIG] [action] ValidateInput
2015-04-06 12:48:18.629 [uncertain.proc] [CONFIG] [action] InvokeService
2015-04-06 12:48:18.630 [aurora.database] [CONFIG] ===================================== prepare to run model-query bpm.BPM1010.bpm_tplt_layout_basic_query==============================
2015-04-06 12:48:18.641 [uncertain.proc] [CONFIG] [action] DecideSqlGenerationMode
2015-04-06 12:48:18.641 [uncertain.proc] [FINE] aurora.database.service.BusinessModelService.onDecideSqlGenerationMode
2015-04-06 12:48:18.642 [uncertain.proc] [CONFIG] [action] CreateOperationSql
2015-04-06 12:48:18.642 [uncertain.proc] [CONFIG] [action] PopulateOperationSql
2015-04-06 12:48:18.642 [uncertain.proc] [FINE] aurora.database.features.WhereClauseCreator.onPopulateOperationSql
2015-04-06 12:48:18.642 [uncertain.proc] [FINE] aurora.database.features.OrderByClauseCreator.onPopulateOperationSql
2015-04-06 12:48:18.642 [uncertain.proc] [CONFIG] [action] ExecuteQuery
2015-04-06 12:48:18.642 [uncertain.proc] [FINE] aurora.bm.QuerySqlCreator.onExecuteQuery
2015-04-06 12:48:18.810 [uncertain.proc] [CONFIG] [action] QueryFinish
2015-04-06 12:48:18.810 [uncertain.proc] [FINE] aurora.database.features.AutoQueryCounter.onQueryFinish
2015-04-06 12:48:18.835 [uncertain.proc] [CONFIG] [action] FetchResultSet
2015-04-06 12:48:18.835 [uncertain.proc] [FINE] aurora.database.features.CacheBasedLookUpField.postFetchResultSet
2015-04-06 12:48:18.835 [aurora.database] [CONFIG] 
============= BEGIN [query] SQL Statement execution dump ============

                select * from(select 
					   a.layout_id,
		               a.template_id,
		               a.layout_sequence,
		               a.layout_code,
		               a.layout_desc,
		               a.layout_type,
		               a.parent_layout_id,
		               (select lb.layout_desc
		                  from bpm_tplt_layout_basic lb
		                 where lb.layout_id = a.parent_layout_id) as parent_layout_desc,
		               a.layout_level,
		               a.dataset,
		               a.id,
		               a.tab_group_number,
		               a.width,
		               a.height,
		               a.marginwidth,
		               a.marginheight,
		               a.style,
		               a.hidden,
		               a.created_by,
		               a.creation_date,
		               a.last_updated_by,
		               a.last_update_date,
				       f.labelwidth,
				       f."row",
       				   f."column",
				       g.navbar,
				       t.ref,
				       t.selected,
				       t.closeable,
				       t.disabled
				  from bpm_tplt_layout_basic a,
				       bpm_tplt_layout_form  f,
				       bpm_tplt_layout_grid  g,
				       bpm_tplt_layout_tab   t
				 where a.layout_id = f.layout_id(+)
				   and a.layout_id = g.layout_id(+)
				   and a.layout_id = t.layout_id(+)) v
				    WHERE v.template_id=?
				   order by v.layout_sequence nulls first
            
---------------------Binding info---------------------
No.1	Access path:/parameter/@template_id	Data type of passed value :java.lang.String	Value:1000001	Output:false	Database Type:null	

=============== END [query] SQL Statement execution dump ============

2015-04-06 12:48:18.836 [uncertain.proc] [CONFIG] [action] CreateSuccessResponse
