2015-04-06 12:48:06.760 [aurora.application.session_check] [CONFIG] Session data copied to context
2015-04-06 12:48:06.763 [uncertain.proc] [CONFIG] [action] CheckServiceLock
2015-04-06 12:48:06.764 [uncertain.proc] [CONFIG] [action] ParseParameter
2015-04-06 12:48:06.764 [uncertain.proc] [CONFIG] [action] ValidateInput
2015-04-06 12:48:06.764 [uncertain.proc] [CONFIG] [action] InvokeService
2015-04-06 12:48:06.764 [aurora.database] [CONFIG] ===================================== prepare to run model-query bpm.BPM1010.bpm_tplt_buttons==============================
2015-04-06 12:48:06.786 [uncertain.proc] [CONFIG] [action] DecideSqlGenerationMode
2015-04-06 12:48:06.786 [uncertain.proc] [FINE] aurora.database.service.BusinessModelService.onDecideSqlGenerationMode
2015-04-06 12:48:06.786 [uncertain.proc] [CONFIG] [action] CreatequeryStatement
2015-04-06 12:48:06.786 [uncertain.proc] [FINE] aurora.bm.QuerySqlCreator.onCreateQueryStatement
2015-04-06 12:48:06.786 [uncertain.proc] [CONFIG] [action] PopulatequeryStatement
2015-04-06 12:48:06.787 [uncertain.proc] [FINE] aurora.database.features.WhereClauseCreator.onPopulateQueryStatement
2015-04-06 12:48:06.788 [uncertain.proc] [FINE] aurora.database.features.OrderByClauseCreator.onPopulateQueryStatement
2015-04-06 12:48:06.788 [uncertain.proc] [CONFIG] [action] CreatequerySql
2015-04-06 12:48:06.788 [uncertain.proc] [FINE] aurora.bm.QuerySqlCreator.onCreateQuerySql
2015-04-06 12:48:06.788 [uncertain.proc] [CONFIG] [action] ExecuteQuery
2015-04-06 12:48:06.788 [uncertain.proc] [FINE] aurora.bm.QuerySqlCreator.onExecuteQuery
2015-04-06 12:48:06.846 [uncertain.proc] [CONFIG] [action] QueryFinish
2015-04-06 12:48:06.846 [uncertain.proc] [FINE] aurora.database.features.AutoQueryCounter.onQueryFinish
2015-04-06 12:48:06.858 [uncertain.proc] [CONFIG] [action] FetchResultSet
2015-04-06 12:48:06.858 [uncertain.proc] [FINE] aurora.database.features.CacheBasedLookUpField.postFetchResultSet
2015-04-06 12:48:06.858 [aurora.database] [CONFIG] 
============= BEGIN [query] SQL Statement execution dump ============
SELECT t1.BUTTON_ID,t1.TEMPLATE_ID,t1.BUTTON_SEQUENCE,t1.BUTTON_CODE,t1.BUTTON_DESC,t1.OPERATION_TYPE,t1.ID,t1.TEXT,t1.CLICK,t1.TYPE,t1.WIDTH,t1.HEIGHT,t1.ICON,t1.DISABLED,t1.HIDDEN,t1.STYLE,t1.BTNSTYLE
FROM BPM_TPLT_BUTTONS t1
WHERE t1.template_id=?
ORDER BY button_sequence nulls first
---------------------Binding info---------------------
No.1	Access path:/parameter/@template_id	Data type of passed value :java.lang.String	Value:1000001	Output:false	Database Type:null	

=============== END [query] SQL Statement execution dump ============

2015-04-06 12:48:06.859 [uncertain.proc] [CONFIG] [action] CreateSuccessResponse
