2015-04-06 12:48:03.725 [aurora.application.session_check] [CONFIG] Session data copied to context
2015-04-06 12:48:03.731 [uncertain.proc] [CONFIG] [action] CheckServiceLock
2015-04-06 12:48:03.731 [uncertain.proc] [CONFIG] [action] ParseParameter
2015-04-06 12:48:03.731 [uncertain.proc] [CONFIG] [action] ValidateInput
2015-04-06 12:48:03.731 [uncertain.proc] [CONFIG] [action] InvokeService
2015-04-06 12:48:03.731 [aurora.database] [CONFIG] ===================================== prepare to run model-query bpm.BPM1010.bpm_templates==============================
2015-04-06 12:48:03.761 [uncertain.proc] [CONFIG] [action] DecideSqlGenerationMode
2015-04-06 12:48:03.761 [uncertain.proc] [FINE] aurora.database.service.BusinessModelService.onDecideSqlGenerationMode
2015-04-06 12:48:03.761 [uncertain.proc] [CONFIG] [action] CreatequeryStatement
2015-04-06 12:48:03.761 [uncertain.proc] [FINE] aurora.bm.QuerySqlCreator.onCreateQueryStatement
2015-04-06 12:48:03.761 [uncertain.proc] [CONFIG] [action] PopulatequeryStatement
2015-04-06 12:48:03.761 [uncertain.proc] [FINE] aurora.database.features.WhereClauseCreator.onPopulateQueryStatement
2015-04-06 12:48:03.761 [uncertain.proc] [FINE] aurora.database.features.OrderByClauseCreator.onPopulateQueryStatement
2015-04-06 12:48:03.762 [uncertain.proc] [CONFIG] [action] CreatequerySql
2015-04-06 12:48:03.762 [uncertain.proc] [FINE] aurora.bm.QuerySqlCreator.onCreateQuerySql
2015-04-06 12:48:03.762 [uncertain.proc] [CONFIG] [action] ExecuteQuery
2015-04-06 12:48:03.762 [uncertain.proc] [FINE] aurora.bm.QuerySqlCreator.onExecuteQuery
2015-04-06 12:48:03.799 [uncertain.proc] [CONFIG] [action] QueryFinish
2015-04-06 12:48:03.799 [uncertain.proc] [FINE] aurora.database.features.AutoQueryCounter.onQueryFinish
2015-04-06 12:48:03.804 [uncertain.proc] [CONFIG] [action] FetchResultSet
2015-04-06 12:48:03.804 [uncertain.proc] [FINE] aurora.database.features.CacheBasedLookUpField.postFetchResultSet
2015-04-06 12:48:03.804 [aurora.database] [CONFIG] 
============= BEGIN [query] SQL Statement execution dump ============
SELECT t1.TEMPLATE_ID,t1.TEMPLATE_CODE,t1.TEMPLATE_DESC,t1.SCREEN,t1.ENABLED_FLAG
FROM BPM_TEMPLATES t1

ORDER BY template_code
---------------------Binding info---------------------
null
=============== END [query] SQL Statement execution dump ============

2015-04-06 12:48:03.804 [uncertain.proc] [CONFIG] [action] CreateSuccessResponse
