2015-04-06 12:50:13.648 [aurora.application.session_check] [CONFIG] Session data copied to context
2015-04-06 12:50:13.717 [uncertain.proc] [CONFIG] [action] CheckServiceLock
2015-04-06 12:50:13.717 [uncertain.proc] [CONFIG] [action] ParseParameter
2015-04-06 12:50:13.717 [uncertain.proc] [CONFIG] [action] ValidateInput
2015-04-06 12:50:13.717 [uncertain.proc] [CONFIG] [action] InvokeService
2015-04-06 12:50:13.717 [aurora.database] [CONFIG] ===================================== prepare to run model-query exp.EXP3050.sys_widget_user_info==============================
2015-04-06 12:50:13.891 [uncertain.proc] [CONFIG] [action] DecideSqlGenerationMode
2015-04-06 12:50:13.891 [uncertain.proc] [FINE] aurora.database.service.BusinessModelService.onDecideSqlGenerationMode
2015-04-06 12:50:13.891 [uncertain.proc] [CONFIG] [action] CreateOperationSql
2015-04-06 12:50:13.891 [uncertain.proc] [CONFIG] [action] PopulateOperationSql
2015-04-06 12:50:13.892 [uncertain.proc] [FINE] aurora.database.features.WhereClauseCreator.onPopulateOperationSql
2015-04-06 12:50:13.892 [uncertain.proc] [FINE] aurora.database.features.OrderByClauseCreator.onPopulateOperationSql
2015-04-06 12:50:13.892 [uncertain.proc] [CONFIG] [action] ExecuteQuery
2015-04-06 12:50:13.894 [uncertain.proc] [FINE] aurora.bm.QuerySqlCreator.onExecuteQuery
2015-04-06 12:50:13.913 [uncertain.proc] [CONFIG] [action] QueryFinish
2015-04-06 12:50:13.913 [uncertain.proc] [FINE] aurora.database.features.AutoQueryCounter.onQueryFinish
2015-04-06 12:50:13.941 [uncertain.proc] [CONFIG] [action] FetchResultSet
2015-04-06 12:50:13.941 [uncertain.proc] [FINE] aurora.database.features.CacheBasedLookUpField.postFetchResultSet
2015-04-06 12:50:13.941 [aurora.database] [CONFIG] 
============= BEGIN [query] SQL Statement execution dump ============

                SELECT
                    *
                FROM
                    (SELECT
                        e.employee_code,
                        e.name,
                        e.email,
                        e.mobil,
                        e.phone
                    FROM
                        sys_user u,
                        exp_employees e
                    WHERE
                        u.employee_id     = e.employee_id AND
                        u.user_id         = NVL(?,u.user_id) AND
                        upper(u.user_name) = upper(NVL(?,u.user_name)) AND
                        e.employee_id     = NVL(?,e.employee_id) AND
                        e.employee_code   = NVL(?,e.employee_code) AND
                        (
                            ?
                            || ?
                            ||?
                            ||? IS NOT NULL
                        )
                    UNION ALL
                    SELECT
                        e.employee_code,
                        e.name,
                        e.email,
                        e.mobil,
                        e.phone
                    FROM
                        sys_user u,
                        exp_employees e
                    WHERE
                        u.employee_id = e.employee_id AND
                        u.user_id     = ? )
                    WHERE
                        rownum = 1
            
---------------------Binding info---------------------
No.1	Access path:@user_id	Data type of passed value :[null]	Value:null	Output:false	Database Type:null	
No.2	Access path:@user_name	Data type of passed value :[null]	Value:null	Output:false	Database Type:null	
No.3	Access path:@employee_id	Data type of passed value :[null]	Value:null	Output:false	Database Type:null	
No.4	Access path:@employee_code	Data type of passed value :[null]	Value:null	Output:false	Database Type:null	
No.5	Access path:@user_id	Data type of passed value :[null]	Value:null	Output:false	Database Type:null	
No.6	Access path:@user_name	Data type of passed value :[null]	Value:null	Output:false	Database Type:null	
No.7	Access path:@employee_id	Data type of passed value :[null]	Value:null	Output:false	Database Type:null	
No.8	Access path:@employee_code	Data type of passed value :[null]	Value:null	Output:false	Database Type:null	
No.9	Access path:/session/@user_id	Data type of passed value :java.lang.Long	Value:1	Output:false	Database Type:null	

=============== END [query] SQL Statement execution dump ============

2015-04-06 12:50:13.942 [uncertain.proc] [CONFIG] [action] CreateSuccessResponse
