2015-04-06 12:45:37.71 [aurora.application.session_check] [CONFIG] Session data copied to context
2015-04-06 12:45:37.80 [uncertain.proc] [CONFIG] [action] CheckServiceLock
2015-04-06 12:45:37.80 [uncertain.proc] [CONFIG] [action] ParseParameter
2015-04-06 12:45:37.80 [uncertain.proc] [CONFIG] [action] ValidateInput
2015-04-06 12:45:37.81 [uncertain.proc] [CONFIG] [action] InvokeService
2015-04-06 12:45:37.87 [uncertain.proc] [CONFIG] [action] DecideStatement
2015-04-06 12:45:37.90 [uncertain.proc] [CONFIG] [action] DecideSqlGenerationMode
2015-04-06 12:45:37.90 [uncertain.proc] [FINE] aurora.database.service.BusinessModelService.onDecideSqlGenerationMode
2015-04-06 12:45:37.90 [uncertain.proc] [CONFIG] [action] CreateOperationSql
2015-04-06 12:45:37.90 [uncertain.proc] [CONFIG] [action] PopulateOperationSql
2015-04-06 12:45:37.90 [uncertain.proc] [FINE] aurora.database.features.WhereClauseCreator.onPopulateOperationSql
2015-04-06 12:45:37.90 [uncertain.proc] [FINE] aurora.database.features.OrderByClauseCreator.onPopulateOperationSql
2015-04-06 12:45:37.90 [uncertain.proc] [CONFIG] [action] CreateSqlRunner
2015-04-06 12:45:37.91 [uncertain.proc] [FINE] aurora.database.service.BusinessModelService.onCreateSqlRunner
2015-04-06 12:45:37.91 [uncertain.proc] [CONFIG] [action] ExecuteDmlStatement
2015-04-06 12:45:37.91 [uncertain.proc] [FINE] aurora.database.service.BusinessModelService.onExecuteDmlStatement
2015-04-06 12:45:37.113 [aurora.database] [CONFIG] 
============= BEGIN [execute] SQL Statement execution dump ============

            	declare
            	   vsid number;
                begin
                    sys_login_pkg.login(
                        p_user_name           =>?,
                        p_password            =>?,
                        p_language            =>?,
                        p_time_zone			  =>?,
                        p_ip                  =>?,
                        p_session_id          =>vsid,
                        p_encryted_session_id =>?,
                        p_error_message       =>?
                    );
                    if vsid != -1 then
				        select user_id, vsid,? 
				        into   ?, ?,?
				        from   sys_session
				        where  session_id = vsid;
				    end if;
                end;
            
---------------------Binding info---------------------
No.1	Access path:@user_name	Data type of passed value :java.lang.String	Value:admin	Output:false	Database Type:null	
No.2	Access path:@user_password	Data type of passed value :java.lang.String	Value:1	Output:false	Database Type:null	
No.3	Access path:@user_language	Data type of passed value :java.lang.String	Value:ZHS	Output:false	Database Type:null	
No.4	Access path:@time_zone	Data type of passed value :[null]	Value:null	Output:false	Database Type:null	
No.5	Access path:/request/@address	Data type of passed value :java.lang.String	Value:127.0.0.1	Output:false	Database Type:null	
No.6	Access path:@encryted_session_id	Data type of passed value :[null]	Value:null	Output:true	Database Type:null	
No.7	Access path:@message	Data type of passed value :[null]	Value:null	Output:true	Database Type:null	
No.8	Access path:/parameter/@is_ipad	Data type of passed value :java.lang.String	Value:N	Output:false	Database Type:null	
No.9	Access path:@user_id	Data type of passed value :[null]	Value:null	Output:true	Database Type:null	
No.10	Access path:@session_id	Data type of passed value :[null]	Value:null	Output:true	Database Type:null	
No.11	Access path:@is_ipad	Data type of passed value :java.lang.String	Value:N	Output:true	Database Type:null	

=============== END [execute] SQL Statement execution dump ============

2015-04-06 12:45:37.189 [uncertain.proc] [CONFIG] [action] CreateSuccessResponse
