2015-04-06 12:45:39.232 [aurora.application.session_check] [CONFIG] Session data copied to context
2015-04-06 12:45:39.242 [uncertain.proc] [CONFIG] [action] CheckServiceLock
2015-04-06 12:45:39.242 [uncertain.proc] [CONFIG] [action] ParseParameter
2015-04-06 12:45:39.243 [uncertain.proc] [CONFIG] [action] ValidateInput
2015-04-06 12:45:39.243 [uncertain.proc] [CONFIG] [action] InvokeService
2015-04-06 12:45:39.305 [uncertain.proc] [CONFIG] [action] DecideStatement
2015-04-06 12:45:39.308 [uncertain.proc] [CONFIG] [action] DecideSqlGenerationMode
2015-04-06 12:45:39.309 [uncertain.proc] [FINE] aurora.database.service.BusinessModelService.onDecideSqlGenerationMode
2015-04-06 12:45:39.309 [uncertain.proc] [CONFIG] [action] CreateOperationSql
2015-04-06 12:45:39.309 [uncertain.proc] [CONFIG] [action] PopulateOperationSql
2015-04-06 12:45:39.309 [uncertain.proc] [FINE] aurora.database.features.WhereClauseCreator.onPopulateOperationSql
2015-04-06 12:45:39.309 [uncertain.proc] [FINE] aurora.database.features.OrderByClauseCreator.onPopulateOperationSql
2015-04-06 12:45:39.309 [uncertain.proc] [CONFIG] [action] CreateSqlRunner
2015-04-06 12:45:39.309 [uncertain.proc] [FINE] aurora.database.service.BusinessModelService.onCreateSqlRunner
2015-04-06 12:45:39.310 [uncertain.proc] [CONFIG] [action] ExecuteDmlStatement
2015-04-06 12:45:39.310 [uncertain.proc] [FINE] aurora.database.service.BusinessModelService.onExecuteDmlStatement
2015-04-06 12:45:39.372 [aurora.database] [CONFIG] 
============= BEGIN [Update] SQL Statement execution dump ============

                begin
                    sys_login_pkg.role_select(
                        ?,
                        ?,
                        ?,
                        null,
                        ?,
                        null);
                end; 
            
---------------------Binding info---------------------
No.1	Access path:/cookie/@JSID/@value	Data type of passed value :java.lang.String	Value:6DC11B8C513FA730	Output:false	Database Type:null	
No.2	Access path:@role_id	Data type of passed value :java.lang.String	Value:1	Output:false	Database Type:null	
No.3	Access path:@company_id	Data type of passed value :java.lang.String	Value:221	Output:false	Database Type:null	
No.4	Access path:/request/@address	Data type of passed value :java.lang.String	Value:127.0.0.1	Output:false	Database Type:null	

=============== END [Update] SQL Statement execution dump ============

2015-04-06 12:45:39.373 [uncertain.proc] [CONFIG] [action] CreateSuccessResponse
