2015-04-06 12:49:19.910 [aurora.application.session_check] [CONFIG] Session data copied to context
2015-04-06 12:49:19.914 [uncertain.proc] [CONFIG] [action] CheckServiceLock
2015-04-06 12:49:19.914 [uncertain.proc] [CONFIG] [action] ParseParameter
2015-04-06 12:49:19.914 [uncertain.proc] [CONFIG] [action] ValidateInput
2015-04-06 12:49:19.914 [uncertain.proc] [CONFIG] [action] InvokeService
2015-04-06 12:49:19.914 [aurora.database] [CONFIG] ===================================== prepare to run model-query sys.SYS8430.sys_chart_year_person_report==============================
2015-04-06 12:49:19.938 [uncertain.proc] [CONFIG] [action] DecideSqlGenerationMode
2015-04-06 12:49:19.939 [uncertain.proc] [FINE] aurora.database.service.BusinessModelService.onDecideSqlGenerationMode
2015-04-06 12:49:19.939 [uncertain.proc] [CONFIG] [action] CreateOperationSql
2015-04-06 12:49:19.939 [uncertain.proc] [CONFIG] [action] PopulateOperationSql
2015-04-06 12:49:19.939 [uncertain.proc] [FINE] aurora.database.features.WhereClauseCreator.onPopulateOperationSql
2015-04-06 12:49:19.939 [uncertain.proc] [FINE] aurora.database.features.OrderByClauseCreator.onPopulateOperationSql
2015-04-06 12:49:19.939 [uncertain.proc] [CONFIG] [action] ExecuteQuery
2015-04-06 12:49:19.939 [uncertain.proc] [FINE] aurora.bm.QuerySqlCreator.onExecuteQuery
2015-04-06 12:49:20.615 [uncertain.proc] [CONFIG] [action] QueryFinish
2015-04-06 12:49:20.615 [uncertain.proc] [FINE] aurora.database.features.AutoQueryCounter.onQueryFinish
2015-04-06 12:49:20.643 [uncertain.proc] [CONFIG] [action] FetchResultSet
2015-04-06 12:49:20.643 [uncertain.proc] [FINE] aurora.database.features.CacheBasedLookUpField.postFetchResultSet
2015-04-06 12:49:20.643 [aurora.database] [CONFIG] 
============= BEGIN [query] SQL Statement execution dump ============
SELECT SUM(l.report_amount) value,
									       (SELECT fd.description_text
									          FROM bgt_budget_items t,
									               fnd_descriptions fd
									         WHERE t.budget_item_id = l.budget_item_id
									           AND t.description_id = fd.description_id
									           AND fd.language = ?) name
									  FROM exp_report_headers h,
									       exp_report_lines   l
									 WHERE h.exp_report_header_id = l.exp_report_header_id
									 AND l.created_by = ?
									 GROUP BY l.budget_item_id
									 order by value desc
---------------------Binding info---------------------
No.1	Access path:/session/@lang	Data type of passed value :java.lang.String	Value:US	Output:false	Database Type:null	
No.2	Access path:/session/@user_id	Data type of passed value :java.lang.Long	Value:1	Output:false	Database Type:null	

=============== END [query] SQL Statement execution dump ============

2015-04-06 12:49:20.643 [uncertain.proc] [CONFIG] [action] CreateSuccessResponse
