2015-04-06 12:50:14.529 [aurora.application.session_check] [CONFIG] Session data copied to context
2015-04-06 12:50:14.564 [uncertain.proc] [CONFIG] [action] CheckServiceLock
2015-04-06 12:50:14.565 [uncertain.proc] [CONFIG] [action] ParseParameter
2015-04-06 12:50:14.565 [uncertain.proc] [CONFIG] [action] ValidateInput
2015-04-06 12:50:14.565 [uncertain.proc] [CONFIG] [action] InvokeService
2015-04-06 12:50:14.565 [aurora.database] [CONFIG] ===================================== prepare to run model-query wfl.WFL5010.wfl_workflow_instance_self_current==============================
2015-04-06 12:50:14.665 [uncertain.proc] [CONFIG] [action] DecideSqlGenerationMode
2015-04-06 12:50:14.665 [uncertain.proc] [FINE] aurora.database.service.BusinessModelService.onDecideSqlGenerationMode
2015-04-06 12:50:14.665 [uncertain.proc] [CONFIG] [action] CreateOperationSql
2015-04-06 12:50:14.665 [uncertain.proc] [CONFIG] [action] PopulateOperationSql
2015-04-06 12:50:14.665 [uncertain.proc] [FINE] aurora.database.features.WhereClauseCreator.onPopulateOperationSql
2015-04-06 12:50:14.665 [uncertain.proc] [FINE] aurora.database.features.OrderByClauseCreator.onPopulateOperationSql
2015-04-06 12:50:14.666 [uncertain.proc] [CONFIG] [action] ExecuteQuery
2015-04-06 12:50:14.666 [uncertain.proc] [FINE] aurora.bm.QuerySqlCreator.onExecuteQuery
2015-04-06 12:50:14.797 [uncertain.proc] [CONFIG] [action] QueryFinish
2015-04-06 12:50:14.797 [uncertain.proc] [FINE] aurora.database.features.AutoQueryCounter.onQueryFinish
2015-04-06 12:50:14.872 [uncertain.proc] [CONFIG] [action] FetchResultSet
2015-04-06 12:50:14.873 [uncertain.proc] [FINE] aurora.database.features.CacheBasedLookUpField.postFetchResultSet
2015-04-06 12:50:14.873 [aurora.database] [CONFIG] 
============= BEGIN [query] SQL Statement execution dump ============

                SELECT
                    t.*,
                    wfl_common_pkg.can_cancel_instance(?,t.instance_id) allow_cancel,
                    DECODE(t.last_approve_name, NULL, NULL, TO_CHAR(t.LAST_UPDATE_DATE, 'yyyy-mm-dd hh24:mi')) LAST_UPDATE_DATE_desc
                FROM
                    (SELECT
                        rs.*,
                        TO_CHAR(rs.creation_date, 'yyyy-mm-dd hh24:mi') creation_date_desc,
                        (SELECT
                            code_value_name
                        FROM
                            sys_code_values_v
                        WHERE
                            code       = 'WFL_WORKFLOW_INSTANCE_STATUS' AND
                            code_value = TO_CHAR(rs.status)
                        ) status_name,
                        wfl_common_pkg.get_current_node(rs.workflow_id, rs.instance_id, rs.current_node) curr_approve_name,
                        wfl_common_pkg.get_wfl_user_name(rs.created_by) create_by_name,
                        wfl_common_pkg.get_wfl_user_name(
                        (SELECT
                            r.created_by
                        FROM
                            wfl_approve_record r
                        WHERE
                            r.record_id =
                            (SELECT
                                MAX(record_id)
                            FROM
                                wfl_approve_record
                            WHERE
                                instance_id = rs.instance_id
                            )
                        )) last_approve_name,
                        (SELECT
                            r.created_by
                        FROM
                            wfl_approve_record r
                        WHERE
                            r.record_id =
                            (SELECT
                                MAX(record_id)
                            FROM
                                wfl_approve_record
                            WHERE
                                instance_id = rs.instance_id
                            )
                        ) last_approve_user_id,
                        (SELECT
                            wdr.document_desc
                        FROM
                            wfl_document_reference_vl wdr
                        WHERE
                            rs.workflow_category = wdr.workflow_category
                        ) ORDER_TYPE,
                        TO_CHAR(
                        (SELECT
                            MAX(nr.date_limit)
                        FROM
                            wfl_instance_node_recipient nr,
                            wfl_workflow_node n
                        WHERE
                            nr.instance_id = rs.instance_id AND
                            nr.node_id     = n.node_id AND
                            n.sequence_num = rs.current_node
                        ), 'yyyy-mm-dd hh24:mi') date_limit
                    FROM
                        (SELECT
                            a.instance_id,
                            a.workflow_id,
                            a.current_node,
                            a.created_by,
                            a.creation_date,
                            a.document_number ORDER_NO,
                            b.name workflow_name,
                            a.LAST_UPDATE_DATE,
                            b.workflow_category,
                            a.status,
                            b.can_cancel,
                            a.status_desc,
                            a.instance_amount
                        FROM
                            wfl_workflow_instance a,
                            wfl_workflow_vl b
                        WHERE
                            a.created_by  =? AND
                            a.workflow_id = b.workflow_id AND
                            a.status      = 1
                        ORDER BY
                            a.creation_date DESC
                        ) rs
                    ) t  WHERE t.status='1'
            
---------------------Binding info---------------------
No.1	Access path:/session/@user_id	Data type of passed value :java.lang.Long	Value:1	Output:false	Database Type:null	
No.2	Access path:/session/@user_id	Data type of passed value :java.lang.Long	Value:1	Output:false	Database Type:null	

=============== END [query] SQL Statement execution dump ============

2015-04-06 12:50:14.874 [uncertain.proc] [CONFIG] [action] CreateSuccessResponse
