2015-04-06 12:50:14.525 [aurora.application.session_check] [CONFIG] Session data copied to context
2015-04-06 12:50:14.556 [uncertain.proc] [CONFIG] [action] CheckServiceLock
2015-04-06 12:50:14.556 [uncertain.proc] [CONFIG] [action] ParseParameter
2015-04-06 12:50:14.557 [uncertain.proc] [CONFIG] [action] ValidateInput
2015-04-06 12:50:14.557 [uncertain.proc] [CONFIG] [action] InvokeService
2015-04-06 12:50:14.557 [aurora.database] [CONFIG] ===================================== prepare to run model-query wfl.WFL5010.wfl_delegate_instance_list==============================
2015-04-06 12:50:14.625 [uncertain.proc] [CONFIG] [action] DecideSqlGenerationMode
2015-04-06 12:50:14.625 [uncertain.proc] [FINE] aurora.database.service.BusinessModelService.onDecideSqlGenerationMode
2015-04-06 12:50:14.625 [uncertain.proc] [CONFIG] [action] CreateOperationSql
2015-04-06 12:50:14.625 [uncertain.proc] [CONFIG] [action] PopulateOperationSql
2015-04-06 12:50:14.625 [uncertain.proc] [FINE] aurora.database.features.WhereClauseCreator.onPopulateOperationSql
2015-04-06 12:50:14.625 [uncertain.proc] [FINE] aurora.database.features.OrderByClauseCreator.onPopulateOperationSql
2015-04-06 12:50:14.625 [uncertain.proc] [CONFIG] [action] ExecuteQuery
2015-04-06 12:50:14.625 [uncertain.proc] [FINE] aurora.bm.QuerySqlCreator.onExecuteQuery
2015-04-06 12:50:14.656 [uncertain.proc] [CONFIG] [action] QueryFinish
2015-04-06 12:50:14.659 [uncertain.proc] [FINE] aurora.database.features.AutoQueryCounter.onQueryFinish
2015-04-06 12:50:14.682 [uncertain.proc] [CONFIG] [action] FetchResultSet
2015-04-06 12:50:14.682 [uncertain.proc] [FINE] aurora.database.features.CacheBasedLookUpField.postFetchResultSet
2015-04-06 12:50:14.682 [aurora.database] [CONFIG] 
============= BEGIN [query] SQL Statement execution dump ============
select t.INSTANCE_ID,
                t.creation_date,                
                (select name from wfl_workflow_vl
                where workflow_id=t.workflow_id) workflow_name,
                t.status_desc,
                wfl_common_pkg.can_cancel_instance(?, t.instance_id) allow_cancel,
                t.document_number ORDER_NO,
                r.document_desc order_type
        from WFL_INSTANCE_STATUS_V t,
        wfl_document_reference_vl r  
         WHERE t.created_by = ?              and t.status = -100              and r.workflow_category(+)=t.workflow_category
        order by t.creation_date
---------------------Binding info---------------------
No.1	Access path:/session/@user_id	Data type of passed value :java.lang.Long	Value:1	Output:false	Database Type:null	
No.2	Access path:/session/@user_id	Data type of passed value :java.lang.Long	Value:1	Output:false	Database Type:null	

=============== END [query] SQL Statement execution dump ============

2015-04-06 12:50:14.682 [uncertain.proc] [CONFIG] [action] CreateSuccessResponse
