2015-04-06 12:48:42.744 [aurora.application.session_check] [CONFIG] Session data copied to context
2015-04-06 12:48:42.770 [uncertain.proc] [CONFIG] [action] CheckServiceLock
2015-04-06 12:48:42.770 [uncertain.proc] [CONFIG] [action] ParseParameter
2015-04-06 12:48:42.770 [uncertain.proc] [CONFIG] [action] ValidateInput
2015-04-06 12:48:42.770 [uncertain.proc] [CONFIG] [action] InvokeService
2015-04-06 12:48:42.770 [aurora.database] [CONFIG] ===================================== prepare to run model-query wfl.wfl_workflow_notification_list==============================
2015-04-06 12:48:42.802 [uncertain.proc] [CONFIG] [action] DecideSqlGenerationMode
2015-04-06 12:48:42.802 [uncertain.proc] [FINE] aurora.database.service.BusinessModelService.onDecideSqlGenerationMode
2015-04-06 12:48:42.802 [uncertain.proc] [CONFIG] [action] CreateOperationSql
2015-04-06 12:48:42.802 [uncertain.proc] [CONFIG] [action] PopulateOperationSql
2015-04-06 12:48:42.802 [uncertain.proc] [FINE] aurora.database.features.WhereClauseCreator.onPopulateOperationSql
2015-04-06 12:48:42.803 [uncertain.proc] [FINE] aurora.database.features.OrderByClauseCreator.onPopulateOperationSql
2015-04-06 12:48:42.803 [uncertain.proc] [CONFIG] [action] ExecuteQuery
2015-04-06 12:48:42.803 [uncertain.proc] [FINE] aurora.bm.QuerySqlCreator.onExecuteQuery
2015-04-06 12:48:42.816 [uncertain.proc] [CONFIG] [action] QueryFinish
2015-04-06 12:48:42.816 [uncertain.proc] [FINE] aurora.database.features.AutoQueryCounter.onQueryFinish
2015-04-06 12:48:42.824 [uncertain.proc] [CONFIG] [action] FetchResultSet
2015-04-06 12:48:42.824 [uncertain.proc] [FINE] aurora.database.features.CacheBasedLookUpField.postFetchResultSet
2015-04-06 12:48:42.829 [aurora.database] [CONFIG] 
============= BEGIN [query] SQL Statement execution dump ============

            	select  
                     r.record_id,        
                     n.node_id,                   
                     n.name as node_name,
                     n.description as node_desc,
                     wfl_common_pkg.get_wfl_user_name(i.created_by) as employee_name,
                     f.name as workflow_name,
                     f.description as workflow_desc,
                     i.instance_id,
                     i.attribute_n_1,
                     i.attribute_n_2,
                     i.attribute_n_3,
                     i.attribute_n_4,
                     i.attribute_n_5,
                     i.attribute_n_6,
                     i.attribute_n_7,
                     i.attribute_n_8,
                     i.attribute_n_9,
                     i.attribute_n_10,
                     i.attribute_c_1,
                     i.attribute_c_2,
                     i.attribute_c_3,
                     i.attribute_c_4,
                     i.attribute_c_5,
                     i.attribute_c_6,
                     i.attribute_c_7,
                     i.attribute_c_8,
                     i.attribute_c_9,
                     i.attribute_c_10,
                     i.attribute_d_1,
                     i.attribute_d_2,
                     i.attribute_d_3,
                     i.attribute_d_4,
                     i.attribute_d_5,
                     i.attribute_d_6,
                     i.attribute_d_7,
                     i.attribute_d_8,
                     i.attribute_d_9,
                     i.attribute_d_10,
                     to_char(i.creation_date,'yyyy-mm-dd hh24:mi') apply_date,
                     f.workflow_category,
                     null date_limit,  
                     dr.document_desc order_type,
                     i.document_number 
                  from wfl_notification_record r,
                     wfl_workflow_instance   i,
                     wfl_workflow_node_vl    n,
                     wfl_workflow_vl         f,
                     wfl_document_reference_vl dr
                  WHERE r.instance_id = i.instance_id                    and r.node_id = n.node_id                    and f.workflow_id = i.workflow_id                    and n.workflow_id = f.workflow_id                    and f.workflow_category = dr.workflow_category(+)                    and r.user_id = ?                    and r.status = nvl(?,0)
             order by  i.creation_date desc
           
---------------------Binding info---------------------
No.1	Access path:/session/@user_id	Data type of passed value :java.lang.Long	Value:1	Output:false	Database Type:null	
No.2	Access path:@status	Data type of passed value :[null]	Value:null	Output:false	Database Type:null	

=============== END [query] SQL Statement execution dump ============

2015-04-06 12:48:42.829 [uncertain.proc] [CONFIG] [action] CreateSuccessResponse
