2015-04-06 12:48:06.357 [aurora.application.session_check] [CONFIG] Session data copied to context
2015-04-06 12:48:06.378 [uncertain.proc] [CONFIG] [action] InitService
2015-04-06 12:48:06.378 [uncertain.proc] [CONFIG] [action] ParseParameter
2015-04-06 12:48:06.378 [uncertain.proc] [CONFIG] [action] CreateModel
2015-04-06 12:48:06.378 [uncertain.proc] [CONFIG] [action] CreateView
2015-04-06 12:48:06.378 [uncertain.proc] [CONFIG] [action] BuildOutputContent
2015-04-06 12:48:06.379 [aurora.presentation.buildsession] [CONFIG] Start build session
2015-04-06 12:48:06.379 [aurora.presentation.buildsession] [CONFIG] building view: <html-page> -> aurora.presentation.component.HtmlPage@1ed0cd0
2015-04-06 12:48:06.380 [aurora.presentation.buildsession] [CONFIG] building view: <script> -> aurora.presentation.DefaultViewBuilder@11bad2d
2015-04-06 12:48:06.381 [aurora.presentation.buildsession] [CONFIG] building view: <dataSets> -> aurora.application.features.DataSetInit@1e432d4
2015-04-06 12:48:06.381 [aurora.presentation.buildsession] [CONFIG] building view: <dataSet> -> aurora.presentation.TemplateBasedView@1175cd6
2015-04-06 12:48:06.382 [aurora.presentation.buildsession] [CONFIG] building view: <dataSet> -> aurora.presentation.TemplateBasedView@1175cd6
2015-04-06 12:48:06.387 [aurora.presentation.buildsession] [CONFIG] building view: <screenBody> -> aurora.presentation.component.std.ScreenBody@c454a9
2015-04-06 12:48:06.388 [aurora.presentation.buildsession] [CONFIG] building view: <screenTopToolbar> -> aurora.presentation.component.std.ScreenTopToolbar@1924fbf
2015-04-06 12:48:06.388 [aurora.presentation.buildsession] [CONFIG] building view: <screenTitle> -> aurora.presentation.component.std.ScreenTitle@b1bfe0
2015-04-06 12:48:06.415 [uncertain.proc] [CONFIG] [action] DecideSqlGenerationMode
2015-04-06 12:48:06.415 [uncertain.proc] [FINE] aurora.database.service.BusinessModelService.onDecideSqlGenerationMode
2015-04-06 12:48:06.415 [uncertain.proc] [CONFIG] [action] CreatequeryStatement
2015-04-06 12:48:06.415 [uncertain.proc] [FINE] aurora.bm.QuerySqlCreator.onCreateQueryStatement
2015-04-06 12:48:06.415 [uncertain.proc] [CONFIG] [action] PopulatequeryStatement
2015-04-06 12:48:06.415 [uncertain.proc] [FINE] aurora.database.features.WhereClauseCreator.onPopulateQueryStatement
2015-04-06 12:48:06.415 [uncertain.proc] [FINE] aurora.database.features.OrderByClauseCreator.onPopulateQueryStatement
2015-04-06 12:48:06.416 [uncertain.proc] [CONFIG] [action] CreatequerySql
2015-04-06 12:48:06.416 [uncertain.proc] [FINE] aurora.bm.QuerySqlCreator.onCreateQuerySql
2015-04-06 12:48:06.416 [uncertain.proc] [CONFIG] [action] ExecuteQuery
2015-04-06 12:48:06.416 [uncertain.proc] [FINE] aurora.bm.QuerySqlCreator.onExecuteQuery
2015-04-06 12:48:06.420 [uncertain.proc] [CONFIG] [action] QueryFinish
2015-04-06 12:48:06.420 [uncertain.proc] [FINE] aurora.database.features.AutoQueryCounter.onQueryFinish
2015-04-06 12:48:06.420 [uncertain.proc] [CONFIG] [action] FetchResultSet
2015-04-06 12:48:06.420 [uncertain.proc] [FINE] aurora.database.features.CacheBasedLookUpField.postFetchResultSet
2015-04-06 12:48:06.421 [aurora.database] [CONFIG] 
============= BEGIN [query] SQL Statement execution dump ============
SELECT f.service_id,f.service_name,f.is_entry_page,f.is_access_checked,f.is_login_required,f.is_system_access,? AS language,(select d.description_text from fnd_descriptions d where d.description_id = f.title_id and d.language = ?) AS title,f.title_id
FROM sys_service f
WHERE f.service_name = ?
ORDER BY service_name
---------------------Binding info---------------------
No.1	Access path:/session/@lang	Data type of passed value :java.lang.String	Value:ZHS	Output:false	Database Type:null	
No.2	Access path:/session/@lang	Data type of passed value :java.lang.String	Value:ZHS	Output:false	Database Type:null	
No.3	Access path:@service_name	Data type of passed value :java.lang.String	Value:modules/bpm/BPM1010/bpm_tplt_buttons.screen	Output:false	Database Type:null	

=============== END [query] SQL Statement execution dump ============

2015-04-06 12:48:06.421 [aurora.presentation.buildsession] [CONFIG] building view: <toolbarButton> -> aurora.presentation.TemplateBasedView@1175cd6
2015-04-06 12:48:06.422 [aurora.presentation.buildsession] [CONFIG] building view: <gridButton> -> aurora.presentation.TemplateBasedView@1175cd6
2015-04-06 12:48:06.423 [aurora.presentation.buildsession] [CONFIG] building view: <gridButton> -> aurora.presentation.TemplateBasedView@1175cd6
2015-04-06 12:48:06.424 [aurora.presentation.buildsession] [CONFIG] building view: <gridButton> -> aurora.presentation.TemplateBasedView@1175cd6
2015-04-06 12:48:06.425 [aurora.presentation.buildsession] [CONFIG] building view: <form> -> aurora.presentation.component.std.Form@a5a9af
2015-04-06 12:48:06.426 [aurora.presentation.buildsession] [CONFIG] building view: <textField> -> aurora.presentation.TemplateBasedView@1175cd6
2015-04-06 12:48:06.427 [aurora.presentation.buildsession] [CONFIG] building view: <textField> -> aurora.presentation.TemplateBasedView@1175cd6
2015-04-06 12:48:06.427 [aurora.presentation.buildsession] [CONFIG] building view: <grid> -> aurora.presentation.TemplateBasedView@1175cd6
2015-04-06 12:48:06.428 [aurora.presentation.buildsession] [CONFIG] building view: <navBar> -> aurora.presentation.TemplateBasedView@1175cd6
2015-04-06 12:48:06.435 [aurora.presentation.buildsession] [CONFIG] building view: <button> -> aurora.presentation.TemplateBasedView@1175cd6
2015-04-06 12:48:06.436 [aurora.presentation.buildsession] [CONFIG] building view: <button> -> aurora.presentation.TemplateBasedView@1175cd6
2015-04-06 12:48:06.437 [aurora.presentation.buildsession] [CONFIG] building view: <separator> -> aurora.presentation.TemplateBasedView@1175cd6
2015-04-06 12:48:06.437 [aurora.presentation.buildsession] [CONFIG] building view: <div> -> aurora.presentation.DefaultViewBuilder@11bad2d
2015-04-06 12:48:06.438 [aurora.presentation.buildsession] [CONFIG] building view: <numberField> -> aurora.presentation.TemplateBasedView@1175cd6
2015-04-06 12:48:06.438 [aurora.presentation.buildsession] [CONFIG] building view: <div> -> aurora.presentation.DefaultViewBuilder@11bad2d
2015-04-06 12:48:06.440 [aurora.presentation.buildsession] [CONFIG] building view: <separator> -> aurora.presentation.TemplateBasedView@1175cd6
2015-04-06 12:48:06.441 [aurora.presentation.buildsession] [CONFIG] building view: <button> -> aurora.presentation.TemplateBasedView@1175cd6
2015-04-06 12:48:06.442 [aurora.presentation.buildsession] [CONFIG] building view: <button> -> aurora.presentation.TemplateBasedView@1175cd6
2015-04-06 12:48:06.443 [aurora.presentation.buildsession] [CONFIG] building view: <button> -> aurora.presentation.TemplateBasedView@1175cd6
2015-04-06 12:48:06.444 [aurora.presentation.buildsession] [CONFIG] building view: <separator> -> aurora.presentation.TemplateBasedView@1175cd6
2015-04-06 12:48:06.444 [aurora.presentation.buildsession] [CONFIG] building view: <div> -> aurora.presentation.DefaultViewBuilder@11bad2d
2015-04-06 12:48:06.445 [aurora.presentation.buildsession] [CONFIG] building view: <comboBox> -> aurora.presentation.TemplateBasedView@1175cd6
2015-04-06 12:48:06.446 [aurora.presentation.buildsession] [CONFIG] building view: <div> -> aurora.presentation.DefaultViewBuilder@11bad2d
2015-04-06 12:48:06.446 [aurora.presentation.buildsession] [CONFIG] building view: <separator> -> aurora.presentation.TemplateBasedView@1175cd6
2015-04-06 12:48:06.447 [aurora.presentation.buildsession] [CONFIG] building view: <div> -> aurora.presentation.DefaultViewBuilder@11bad2d
2015-04-06 12:48:06.450 [aurora.presentation.buildsession] [CONFIG] building view: <textField> -> aurora.presentation.TemplateBasedView@1175cd6
2015-04-06 12:48:06.450 [aurora.presentation.buildsession] [CONFIG] building view: <textField> -> aurora.presentation.TemplateBasedView@1175cd6
2015-04-06 12:48:06.451 [aurora.presentation.buildsession] [CONFIG] building view: <numberField> -> aurora.presentation.TemplateBasedView@1175cd6
2015-04-06 12:48:06.452 [aurora.presentation.buildsession] [CONFIG] building view: <checkBox> -> aurora.presentation.TemplateBasedView@1175cd6
2015-04-06 12:48:06.453 [aurora.presentation.buildsession] [CONFIG] building view: <comboBox> -> aurora.presentation.TemplateBasedView@1175cd6
2015-04-06 12:48:06.458 [aurora.presentation.buildsession] [CONFIG] building view: <script> -> aurora.presentation.DefaultViewBuilder@11bad2d
2015-04-06 12:48:06.459 [aurora.presentation.buildsession] [CONFIG] End build session
